<?xml version="1.0" encoding="UTF-8"?>
<!-- Generated by org.testng.reporters.JUnitReportReporter -->
<testsuite hostname="anonymous" failures="0" tests="1" name="com.bbc.testcase.TC_about_004" time="1.186" errors="0" timestamp="2022-05-20T01:24:41 IST" skipped="0">
  <testcase classname="com.bbc.testcase.TC_about_004" name="aboutcheck" time="1.186"/>
  <system-out/>
</testsuite> <!-- com.bbc.testcase.TC_about_004 -->
