<?xml version="1.0" encoding="UTF-8"?>
<!-- Generated by org.testng.reporters.JUnitReportReporter -->
<testsuite hostname="anonymous" failures="0" tests="1" name="com.bbc.testcase.TC_consearch_009" time="0.954" errors="0" timestamp="2022-05-20T01:24:41 IST" skipped="0">
  <testcase classname="com.bbc.testcase.TC_consearch_009" name="veriftsearchbar" time="0.954"/>
  <system-out/>
</testsuite> <!-- com.bbc.testcase.TC_consearch_009 -->
