<?xml version="1.0" encoding="UTF-8"?>
<!-- Generated by org.testng.reporters.JUnitReportReporter -->
<testsuite hostname="anonymous" failures="0" tests="1" name="com.bbc.testcase.TC_items_003" time="0.157" errors="0" timestamp="2022-05-20T01:24:40 IST" skipped="0">
  <testcase classname="com.bbc.testcase.TC_items_003" name="items" time="0.157"/>
  <system-out/>
</testsuite> <!-- com.bbc.testcase.TC_items_003 -->
