<?xml version="1.0" encoding="UTF-8"?>
<!-- Generated by org.testng.reporters.JUnitReportReporter -->
<testsuite hostname="anonymous" failures="0" tests="10" name="com.bbc.testcase.TC_search_001" time="28.361" errors="0" timestamp="2022-05-20T01:24:41 IST" skipped="0">
  <testcase classname="com.bbc.testcase.TC_search_001" name="SearchTesting" time="2.861"/>
  <system-out/>
  <testcase classname="com.bbc.testcase.TC_search_001" name="SearchTesting" time="2.499"/>
  <system-out/>
  <testcase classname="com.bbc.testcase.TC_search_001" name="SearchTesting" time="3.419"/>
  <system-out/>
  <testcase classname="com.bbc.testcase.TC_search_001" name="SearchTesting" time="2.157"/>
  <system-out/>
  <testcase classname="com.bbc.testcase.TC_search_001" name="SearchTesting" time="2.591"/>
  <system-out/>
  <testcase classname="com.bbc.testcase.TC_search_001" name="SearchTesting" time="2.671"/>
  <system-out/>
  <testcase classname="com.bbc.testcase.TC_search_001" name="SearchTesting" time="3.903"/>
  <system-out/>
  <testcase classname="com.bbc.testcase.TC_search_001" name="SearchTesting" time="3.696"/>
  <system-out/>
  <testcase classname="com.bbc.testcase.TC_search_001" name="SearchTesting" time="2.233"/>
  <system-out/>
  <testcase classname="com.bbc.testcase.TC_search_001" name="SearchTesting" time="2.331"/>
  <system-out/>
</testsuite> <!-- com.bbc.testcase.TC_search_001 -->
