<?xml version="1.0" encoding="UTF-8"?>
<!-- Generated by org.testng.reporters.JUnitReportReporter -->
<testsuite hostname="anonymous" failures="0" tests="1" name="com.bbc.testcase.TC_storeele_007" time="1.980" errors="0" timestamp="2022-05-20T01:24:41 IST" skipped="0">
  <testcase classname="com.bbc.testcase.TC_storeele_007" name="storeElement" time="1.980"/>
  <system-out/>
</testsuite> <!-- com.bbc.testcase.TC_storeele_007 -->
